\BOOKMARK [0][]{nom.0}{Nomenklatur}{}% 1
\BOOKMARK [0][]{chapter.1}{1 Einleitung}{}% 2
\BOOKMARK [0][]{chapter.2}{2 Grundlagen}{}% 3
\BOOKMARK [1][]{section.2.1}{2.1 Das Standardmodell}{chapter.2}% 4
\BOOKMARK [1][]{section.2.2}{2.2 Quantenchromodynamik}{chapter.2}% 5
\BOOKMARK [2][]{subsection.2.2.1}{2.2.1 Allgemeines}{section.2.2}% 6
\BOOKMARK [2][]{subsection.2.2.2}{2.2.2 Regge-Theorie}{section.2.2}% 7
\BOOKMARK [2][]{subsection.2.2.3}{2.2.3 Die starke Kopplundkonstantes}{section.2.2}% 8
\BOOKMARK [1][]{section.2.3}{2.3 Jet-Physik}{chapter.2}% 9
\BOOKMARK [2][]{subsection.2.3.1}{2.3.1 Hadronisation}{section.2.3}% 10
\BOOKMARK [2][]{subsection.2.3.2}{2.3.2 Transversale Masse}{section.2.3}% 11
\BOOKMARK [1][]{section.2.4}{2.4 Top-Quark Physik}{chapter.2}% 12
\BOOKMARK [1][]{section.2.5}{2.5 Vorhersage des Top-Quarks}{chapter.2}% 13
\BOOKMARK [1][]{section.2.6}{2.6 Entdeckung und Eigenschaften}{chapter.2}% 14
\BOOKMARK [1][]{section.2.7}{2.7 Produktion von Top-Quarks}{chapter.2}% 15
\BOOKMARK [0][]{chapter.3}{3 Experimentelle Vorgehensweise}{}% 16
\BOOKMARK [0][]{chapter.4}{4 Hinweise zum Formulieren und Zitieren}{}% 17
\BOOKMARK [0][]{chapter.5}{5 Ergebnisse}{}% 18
\BOOKMARK [0][]{chapter.6}{6 Diskussion}{}% 19
\BOOKMARK [0][]{chapter.7}{7 Zusammenfassung}{}% 20
\BOOKMARK [0][]{appendix.A}{A Anhang}{}% 21
