This is pdfTeX, Version 3.14159265-2.6-1.40.15 (TeX Live 2014) (preloaded format=pdflatex 2014.12.9)  6 JAN 2015 17:29
entering extended mode
 restricted \write18 enabled.
 file:line:error style messages enabled.
 %&-line parsing enabled.
**bthesis.tex
(./bthesis.tex
LaTeX2e <2014/05/01>
Babel <3.9k> and hyphenation patterns for 78 languages loaded.
(./GAUBM.cls
Document Class: GAUBM 2009/03/12 v1.0 GAU Vorlage für Abschlussarbeit Physik
(/usr/local/texlive/2014/texmf-dist/tex/latex/koma-script/scrbook.cls
Document Class: scrbook 2013/12/19 v3.12 KOMA-Script document class (book)
(/usr/local/texlive/2014/texmf-dist/tex/latex/koma-script/scrkbase.sty
Package: scrkbase 2013/12/19 v3.12 KOMA-Script package (KOMA-Script-dependent b
asics and keyval usage)

(/usr/local/texlive/2014/texmf-dist/tex/latex/koma-script/scrbase.sty
Package: scrbase 2013/12/19 v3.12 KOMA-Script package (KOMA-Script-independent 
basics and keyval usage)

(/usr/local/texlive/2014/texmf-dist/tex/latex/graphics/keyval.sty
Package: keyval 2014/05/08 v1.15 key=value parser (DPC)
\KV@toks@=\toks14
)
(/usr/local/texlive/2014/texmf-dist/tex/latex/koma-script/scrlfile.sty
Package: scrlfile 2013/12/19 v3.12 KOMA-Script package (loading files)

Package scrlfile, 2013/12/19 v3.12 KOMA-Script package (loading files)
                  Copyright (C) Markus Kohm

))) (/usr/local/texlive/2014/texmf-dist/tex/latex/koma-script/tocbasic.sty
Package: tocbasic 2013/12/19 v3.12 KOMA-Script package (handling toc-files)
)
Package tocbasic Info: omitting babel extension for `toc'
(tocbasic)             because of feature `nobabel' available
(tocbasic)             for `toc' on input line 117.
Package tocbasic Info: omitting babel extension for `lof'
(tocbasic)             because of feature `nobabel' available
(tocbasic)             for `lof' on input line 118.
Package tocbasic Info: omitting babel extension for `lot'
(tocbasic)             because of feature `nobabel' available
(tocbasic)             for `lot' on input line 119.
Package tocbasic Info: defining new hook before heading of `' on input line 111
8.
Package scrbase Info: Unknown processing state.
(scrbase)             Processing option `twoside'
(scrbase)             of member `.scrbook.cls' of family
(scrbase)             `KOMA' doesn't set
(scrbase)             a valid state. This will be interpreted
(scrbase)             as \FamilyKeyStateProcessed on input line 1269.
Package scrbook Info: You've used standard option `12pt'.
(scrbook)             This is correct!
(scrbook)             Internally I'm using `fontsize=12pt'.
(scrbook)             If you'd like to set the option with \KOMAoptions,
(scrbook)             you'd have to use `fontsize=12pt' there
(scrbook)             instead of `12pt', too.
Class scrbook Info: File `scrsize12pt.clo' used to setup font sizes on input li
ne 1655.

(/usr/local/texlive/2014/texmf-dist/tex/latex/koma-script/scrsize12pt.clo
File: scrsize12pt.clo 2013/12/19 v3.12 KOMA-Script font size class option (12pt
)
)
(/usr/local/texlive/2014/texmf-dist/tex/latex/koma-script/typearea.sty
Package: typearea 2013/12/19 v3.12 KOMA-Script package (type area)

Package typearea, 2013/12/19 v3.12 KOMA-Script package (type area)
                  Copyright (C) Frank Neukam, 1992-1994
                  Copyright (C) Markus Kohm, 1994-

\ta@bcor=\skip41
\ta@div=\count79
\ta@hblk=\skip42
\ta@vblk=\skip43
\ta@temp=\skip44
\footheight=\skip45
Package typearea Info: These are the values describing the layout:
(typearea)             DIV  = 12
(typearea)             BCOR = 28.45274pt
(typearea)             \paperwidth      = 597.50793pt
(typearea)              \textwidth      = 426.7914pt
(typearea)              DIV departure   = -1%
(typearea)              \evensidemargin = 22.57254pt
(typearea)              \oddsidemargin  = 3.60402pt
(typearea)             \paperheight     = 845.04694pt
(typearea)              \textheight     = 635.5pt
(typearea)              \topmargin      = -41.72441pt
(typearea)              \headheight     = 18.125pt
(typearea)              \headsep        = 21.75pt
(typearea)              \topskip        = 12.0pt
(typearea)              \footskip       = 50.75pt
(typearea)              \baselineskip   = 14.5pt
(typearea)              on input line 1330.
)
\c@part=\count80
\c@chapter=\count81
\c@section=\count82
\c@subsection=\count83
\c@subsubsection=\count84
\c@paragraph=\count85
\c@subparagraph=\count86
\abovecaptionskip=\skip46
\belowcaptionskip=\skip47
\c@pti@nb@sid@b@x=\box26
\c@figure=\count87
\c@table=\count88
\bibindent=\dimen102
) (/usr/local/texlive/2014/texmf-dist/tex/latex/tools/calc.sty
Package: calc 2007/08/22 v4.3 Infix arithmetic (KKT,FJ)
\calc@Acount=\count89
\calc@Bcount=\count90
\calc@Adimen=\dimen103
\calc@Bdimen=\dimen104
\calc@Askip=\skip48
\calc@Bskip=\skip49
LaTeX Info: Redefining \setlength on input line 75.
LaTeX Info: Redefining \addtolength on input line 76.
\calc@Ccount=\count91
\calc@Cskip=\skip50
)
\c@@countbegin=\count92
\c@@countend=\count93
)
(/usr/local/texlive/2014/texmf-dist/tex/latex/setspace/setspace.sty
Package: setspace 2011/12/19 v6.7a set line spacing
)
(/usr/local/texlive/2014/texmf-dist/tex/generic/babel/babel.sty
Package: babel 2014/03/24 3.9k The Babel package

(/usr/local/texlive/2014/texmf-dist/tex/generic/babel-german/ngerman.ldf
Language: ngerman 2013/12/13 v2.7 German support for babel (new orthography)

(/usr/local/texlive/2014/texmf-dist/tex/generic/babel-german/ngermanb.ldf
Language: ngermanb 2013/12/13 v2.7 German support for babel (new orthography)

(/usr/local/texlive/2014/texmf-dist/tex/generic/babel/babel.def
File: babel.def 2014/03/24 3.9k Babel common definitions
\babel@savecnt=\count94
\U@D=\dimen105
)
\l@naustrian = a dialect from \language\l@ngerman 
\l@nswissgerman = a dialect from \language\l@ngerman 
Package babel Info: Making " an active character on input line 88.
))
(/usr/local/texlive/2014/texmf-dist/tex/generic/babel-english/english.ldf
Language: english 2012/08/20 v3.3p English support from the babel system
\l@canadian = a dialect from \language\l@american 
\l@australian = a dialect from \language\l@british 
\l@newzealand = a dialect from \language\l@british 
))
(/usr/local/texlive/2014/texmf-dist/tex/latex/base/fontenc.sty
Package: fontenc 2005/09/27 v1.99g Standard LaTeX package

(/usr/local/texlive/2014/texmf-dist/tex/latex/base/t1enc.def
File: t1enc.def 2005/09/27 v1.99g Standard LaTeX file
LaTeX Font Info:    Redeclaring font encoding T1 on input line 43.
))
(/usr/local/texlive/2014/texmf-dist/tex/latex/base/inputenc.sty
Package: inputenc 2014/04/30 v1.2b Input encoding file
\inpenc@prehook=\toks15
\inpenc@posthook=\toks16

(/usr/local/texlive/2014/texmf-dist/tex/latex/base/latin1.def
File: latin1.def 2014/04/30 v1.2b Input encoding file
))
(/usr/local/texlive/2014/texmf-dist/tex/latex/amsmath/amsmath.sty
Package: amsmath 2013/01/14 v2.14 AMS math features
\@mathmargin=\skip51

For additional information on amsmath, use the `?' option.
(/usr/local/texlive/2014/texmf-dist/tex/latex/amsmath/amstext.sty
Package: amstext 2000/06/29 v2.01

(/usr/local/texlive/2014/texmf-dist/tex/latex/amsmath/amsgen.sty
File: amsgen.sty 1999/11/30 v2.0
\@emptytoks=\toks17
\ex@=\dimen106
))
(/usr/local/texlive/2014/texmf-dist/tex/latex/amsmath/amsbsy.sty
Package: amsbsy 1999/11/29 v1.2d
\pmbraise@=\dimen107
)
(/usr/local/texlive/2014/texmf-dist/tex/latex/amsmath/amsopn.sty
Package: amsopn 1999/12/14 v2.01 operator names
)
\inf@bad=\count95
LaTeX Info: Redefining \frac on input line 210.
\uproot@=\count96
\leftroot@=\count97
LaTeX Info: Redefining \overline on input line 306.
\classnum@=\count98
\DOTSCASE@=\count99
LaTeX Info: Redefining \ldots on input line 378.
LaTeX Info: Redefining \dots on input line 381.
LaTeX Info: Redefining \cdots on input line 466.
\Mathstrutbox@=\box27
\strutbox@=\box28
\big@size=\dimen108
LaTeX Font Info:    Redeclaring font encoding OML on input line 566.
LaTeX Font Info:    Redeclaring font encoding OMS on input line 567.
\macc@depth=\count100
\c@MaxMatrixCols=\count101
\dotsspace@=\muskip10
\c@parentequation=\count102
\dspbrk@lvl=\count103
\tag@help=\toks18
\row@=\count104
\column@=\count105
\maxfields@=\count106
\andhelp@=\toks19
\eqnshift@=\dimen109
\alignsep@=\dimen110
\tagshift@=\dimen111
\tagwidth@=\dimen112
\totwidth@=\dimen113
\lineht@=\dimen114
\@envbody=\toks20
\multlinegap=\skip52
\multlinetaggap=\skip53
\mathdisplay@stack=\toks21
LaTeX Info: Redefining \[ on input line 2665.
LaTeX Info: Redefining \] on input line 2666.
)
(/usr/local/texlive/2014/texmf-dist/tex/latex/amsfonts/amssymb.sty
Package: amssymb 2013/01/14 v3.01 AMS font symbols

(/usr/local/texlive/2014/texmf-dist/tex/latex/amsfonts/amsfonts.sty
Package: amsfonts 2013/01/14 v3.01 Basic AMSFonts support
\symAMSa=\mathgroup4
\symAMSb=\mathgroup5
LaTeX Font Info:    Overwriting math alphabet `\mathfrak' in version `bold'
(Font)                  U/euf/m/n --> U/euf/b/n on input line 106.
))
(/usr/local/texlive/2014/texmf-dist/tex/latex/lm/lmodern.sty
Package: lmodern 2009/10/30 v1.6 Latin Modern Fonts
LaTeX Font Info:    Overwriting symbol font `operators' in version `normal'
(Font)                  OT1/cmr/m/n --> OT1/lmr/m/n on input line 22.
LaTeX Font Info:    Overwriting symbol font `letters' in version `normal'
(Font)                  OML/cmm/m/it --> OML/lmm/m/it on input line 23.
LaTeX Font Info:    Overwriting symbol font `symbols' in version `normal'
(Font)                  OMS/cmsy/m/n --> OMS/lmsy/m/n on input line 24.
LaTeX Font Info:    Overwriting symbol font `largesymbols' in version `normal'
(Font)                  OMX/cmex/m/n --> OMX/lmex/m/n on input line 25.
LaTeX Font Info:    Overwriting symbol font `operators' in version `bold'
(Font)                  OT1/cmr/bx/n --> OT1/lmr/bx/n on input line 26.
LaTeX Font Info:    Overwriting symbol font `letters' in version `bold'
(Font)                  OML/cmm/b/it --> OML/lmm/b/it on input line 27.
LaTeX Font Info:    Overwriting symbol font `symbols' in version `bold'
(Font)                  OMS/cmsy/b/n --> OMS/lmsy/b/n on input line 28.
LaTeX Font Info:    Overwriting symbol font `largesymbols' in version `bold'
(Font)                  OMX/cmex/m/n --> OMX/lmex/m/n on input line 29.
LaTeX Font Info:    Overwriting math alphabet `\mathbf' in version `normal'
(Font)                  OT1/cmr/bx/n --> OT1/lmr/bx/n on input line 31.
LaTeX Font Info:    Overwriting math alphabet `\mathsf' in version `normal'
(Font)                  OT1/cmss/m/n --> OT1/lmss/m/n on input line 32.
LaTeX Font Info:    Overwriting math alphabet `\mathit' in version `normal'
(Font)                  OT1/cmr/m/it --> OT1/lmr/m/it on input line 33.
LaTeX Font Info:    Overwriting math alphabet `\mathtt' in version `normal'
(Font)                  OT1/cmtt/m/n --> OT1/lmtt/m/n on input line 34.
LaTeX Font Info:    Overwriting math alphabet `\mathbf' in version `bold'
(Font)                  OT1/cmr/bx/n --> OT1/lmr/bx/n on input line 35.
LaTeX Font Info:    Overwriting math alphabet `\mathsf' in version `bold'
(Font)                  OT1/cmss/bx/n --> OT1/lmss/bx/n on input line 36.
LaTeX Font Info:    Overwriting math alphabet `\mathit' in version `bold'
(Font)                  OT1/cmr/bx/it --> OT1/lmr/bx/it on input line 37.
LaTeX Font Info:    Overwriting math alphabet `\mathtt' in version `bold'
(Font)                  OT1/cmtt/m/n --> OT1/lmtt/m/n on input line 38.
)
(/usr/local/texlive/2014/texmf-dist/tex/latex/natbib/natbib.sty
Package: natbib 2010/09/13 8.31b (PWD, AO)
\bibhang=\skip54
\bibsep=\skip55
LaTeX Info: Redefining \cite on input line 694.
\c@NAT@ctr=\count107
) (./style.tex
(/usr/local/texlive/2014/texmf-dist/tex/latex/tools/longtable.sty
Package: longtable 2004/02/01 v4.11 Multi-page Table package (DPC)
\LTleft=\skip56
\LTright=\skip57
\LTpre=\skip58
\LTpost=\skip59
\LTchunksize=\count108
\LTcapwidth=\dimen115
\LT@head=\box29
\LT@firsthead=\box30
\LT@foot=\box31
\LT@lastfoot=\box32
\LT@cols=\count109
\LT@rows=\count110
\c@LT@tables=\count111
\c@LT@chunks=\count112
\LT@p@ftn=\toks22
)
Class scrbook Info: longtable captions redefined on input line 5.

(/usr/local/texlive/2014/texmf-dist/tex/latex/caption/caption.sty
Package: caption 2013/05/02 v3.3-89 Customizing captions (AR)

(/usr/local/texlive/2014/texmf-dist/tex/latex/caption/caption3.sty
Package: caption3 2013/05/02 v1.6-88 caption3 kernel (AR)
Package caption3 Info: TeX engine: e-TeX on input line 57.
\captionmargin=\dimen116
\captionmargin@=\dimen117
\captionwidth=\dimen118
\caption@tempdima=\dimen119
\caption@indent=\dimen120
\caption@parindent=\dimen121
\caption@hangindent=\dimen122
)
Package caption Info: KOMA-Script document class.
\c@ContinuedFloat=\count113
Package caption Info: longtable package is loaded.

(/usr/local/texlive/2014/texmf-dist/tex/latex/caption/ltcaption.sty
Package: ltcaption 2013/02/03 v1.3-62 longtable captions (AR)
))
(/usr/local/texlive/2014/texmf-dist/tex/latex/graphics/graphicx.sty
Package: graphicx 2014/04/25 v1.0g Enhanced LaTeX Graphics (DPC,SPQR)

(/usr/local/texlive/2014/texmf-dist/tex/latex/graphics/graphics.sty
Package: graphics 2009/02/05 v1.0o Standard LaTeX Graphics (DPC,SPQR)

(/usr/local/texlive/2014/texmf-dist/tex/latex/graphics/trig.sty
Package: trig 1999/03/16 v1.09 sin cos tan (DPC)
)
(/usr/local/texlive/2014/texmf-dist/tex/latex/latexconfig/graphics.cfg
File: graphics.cfg 2010/04/23 v1.9 graphics configuration of TeX Live
)
Package graphics Info: Driver file: dvips.def on input line 91.

(/usr/local/texlive/2014/texmf-dist/tex/latex/graphics/dvips.def
File: dvips.def 2014/04/23 v3.0j Driver-dependant file (DPC,SPQR)
))
\Gin@req@height=\dimen123
\Gin@req@width=\dimen124
)
(/usr/local/texlive/2014/texmf-dist/tex/latex/jknapltx/mathrsfs.sty
Package: mathrsfs 1996/01/01 Math RSFS package v1.0 (jk)
\symrsfs=\mathgroup6
)
(/usr/local/texlive/2014/texmf-dist/tex/latex/graphics/epsfig.sty
Package: epsfig 1999/02/16 v1.7a (e)psfig emulation (SPQR)
\epsfxsize=\dimen125
\epsfysize=\dimen126
)

Class scrbook Warning: Usage of package `titlesec' together
(scrbook)              with a KOMA-Script class is not recommended.
(scrbook)              I'd suggest to use the package only
(scrbook)              if you really need it, because it breaks several
(scrbook)              KOMA-Script features, i.e., option `headings' and
(scrbook)              the extended optional argument of the section
(scrbook)              commands .
(scrbook)              Nevertheless, using requested
(scrbook)              package `titlesec' on input line 12.

(/usr/local/texlive/2014/texmf-dist/tex/latex/titlesec/titlesec.sty
Package: titlesec 2011/12/15 v2.10.0 Sectioning titles
\ttl@box=\box33
\beforetitleunit=\skip60
\aftertitleunit=\skip61
\ttl@plus=\dimen127
\ttl@minus=\dimen128
\ttl@toksa=\toks23
\titlewidth=\dimen129
\titlewidthlast=\dimen130
\titlewidthfirst=\dimen131
)
(/usr/local/texlive/2014/texmf-dist/tex/latex/booktabs/booktabs.sty
Package: booktabs 2005/04/14 v1.61803 publication quality tables
\heavyrulewidth=\dimen132
\lightrulewidth=\dimen133
\cmidrulewidth=\dimen134
\belowrulesep=\dimen135
\belowbottomsep=\dimen136
\aboverulesep=\dimen137
\abovetopsep=\dimen138
\cmidrulesep=\dimen139
\cmidrulekern=\dimen140
\defaultaddspace=\dimen141
\@cmidla=\count114
\@cmidlb=\count115
\@aboverulesep=\dimen142
\@belowrulesep=\dimen143
\@thisruleclass=\count116
\@lastruleclass=\count117
\@thisrulewidth=\dimen144
)
(/usr/local/texlive/2014/texmf-dist/tex/latex/tools/hhline.sty
Package: hhline 1994/05/23 v2.03 Table rule package (DPC)
)
(/usr/local/texlive/2014/texmf-dist/tex/latex/tools/array.sty
Package: array 2008/09/09 v2.4c Tabular extension package (FMi)
\col@sep=\dimen145
\extrarowheight=\dimen146
\NC@list=\toks24
\extratabsurround=\skip62
\backup@length=\skip63
)
(/usr/local/texlive/2014/texmf-dist/tex/latex/subfigure/subfigure.sty
Package: subfigure 2002/03/15 v2.1.5 subfigure package
\subfigtopskip=\skip64
\subfigcapskip=\skip65
\subfigcaptopadj=\dimen147
\subfigbottomskip=\skip66
\subfigcapmargin=\dimen148
\subfiglabelskip=\skip67
\c@subfigure=\count118
\c@lofdepth=\count119
\c@subtable=\count120
\c@lotdepth=\count121

****************************************
* Local config file subfigure.cfg used *
****************************************
(/usr/local/texlive/2014/texmf-dist/tex/latex/subfigure/subfigure.cfg)
\subfig@top=\skip68
\subfig@bottom=\skip69
)
(/usr/local/texlive/2014/texmf-dist/tex/latex/tools/dcolumn.sty
Package: dcolumn 2001/05/28 v1.06 decimal alignment package (DPC)
)
(/usr/local/texlive/2014/texmf-dist/tex/latex/tools/bm.sty
Package: bm 2004/02/26 v1.1c Bold Symbol Support (DPC/FMi)
\symboldoperators=\mathgroup7
\symboldletters=\mathgroup8
\symboldsymbols=\mathgroup9
LaTeX Font Info:    Redeclaring math alphabet \mathbf on input line 137.
LaTeX Info: Redefining \bm on input line 203.
)
(/usr/local/texlive/2014/texmf-dist/tex/latex/tools/xspace.sty
Package: xspace 2009/10/20 v1.13 Space after command names (DPC,MH)
))
(/usr/local/texlive/2014/texmf-dist/tex/latex/base/textcomp.sty
Package: textcomp 2005/09/27 v1.99g Standard LaTeX package
Package textcomp Info: Sub-encoding information:
(textcomp)               5 = only ISO-Adobe without \textcurrency
(textcomp)               4 = 5 + \texteuro
(textcomp)               3 = 4 + \textohm
(textcomp)               2 = 3 + \textestimated + \textcurrency
(textcomp)               1 = TS1 - \textcircled - \t
(textcomp)               0 = TS1 (full)
(textcomp)             Font families with sub-encoding setting implement
(textcomp)             only a restricted character set as indicated.
(textcomp)             Family '?' is the default used for unknown fonts.
(textcomp)             See the documentation for details.
Package textcomp Info: Setting ? sub-encoding to TS1/1 on input line 71.

(/usr/local/texlive/2014/texmf-dist/tex/latex/base/ts1enc.def
File: ts1enc.def 2001/06/05 v3.0e (jk/car/fm) Standard LaTeX file
)
LaTeX Info: Redefining \oldstylenums on input line 266.
Package textcomp Info: Setting cmr sub-encoding to TS1/0 on input line 281.
Package textcomp Info: Setting cmss sub-encoding to TS1/0 on input line 282.
Package textcomp Info: Setting cmtt sub-encoding to TS1/0 on input line 283.
Package textcomp Info: Setting cmvtt sub-encoding to TS1/0 on input line 284.
Package textcomp Info: Setting cmbr sub-encoding to TS1/0 on input line 285.
Package textcomp Info: Setting cmtl sub-encoding to TS1/0 on input line 286.
Package textcomp Info: Setting ccr sub-encoding to TS1/0 on input line 287.
Package textcomp Info: Setting ptm sub-encoding to TS1/4 on input line 288.
Package textcomp Info: Setting pcr sub-encoding to TS1/4 on input line 289.
Package textcomp Info: Setting phv sub-encoding to TS1/4 on input line 290.
Package textcomp Info: Setting ppl sub-encoding to TS1/3 on input line 291.
Package textcomp Info: Setting pag sub-encoding to TS1/4 on input line 292.
Package textcomp Info: Setting pbk sub-encoding to TS1/4 on input line 293.
Package textcomp Info: Setting pnc sub-encoding to TS1/4 on input line 294.
Package textcomp Info: Setting pzc sub-encoding to TS1/4 on input line 295.
Package textcomp Info: Setting bch sub-encoding to TS1/4 on input line 296.
Package textcomp Info: Setting put sub-encoding to TS1/5 on input line 297.
Package textcomp Info: Setting uag sub-encoding to TS1/5 on input line 298.
Package textcomp Info: Setting ugq sub-encoding to TS1/5 on input line 299.
Package textcomp Info: Setting ul8 sub-encoding to TS1/4 on input line 300.
Package textcomp Info: Setting ul9 sub-encoding to TS1/4 on input line 301.
Package textcomp Info: Setting augie sub-encoding to TS1/5 on input line 302.
Package textcomp Info: Setting dayrom sub-encoding to TS1/3 on input line 303.
Package textcomp Info: Setting dayroms sub-encoding to TS1/3 on input line 304.

Package textcomp Info: Setting pxr sub-encoding to TS1/0 on input line 305.
Package textcomp Info: Setting pxss sub-encoding to TS1/0 on input line 306.
Package textcomp Info: Setting pxtt sub-encoding to TS1/0 on input line 307.
Package textcomp Info: Setting txr sub-encoding to TS1/0 on input line 308.
Package textcomp Info: Setting txss sub-encoding to TS1/0 on input line 309.
Package textcomp Info: Setting txtt sub-encoding to TS1/0 on input line 310.
Package textcomp Info: Setting lmr sub-encoding to TS1/0 on input line 311.
Package textcomp Info: Setting lmdh sub-encoding to TS1/0 on input line 312.
Package textcomp Info: Setting lmss sub-encoding to TS1/0 on input line 313.
Package textcomp Info: Setting lmssq sub-encoding to TS1/0 on input line 314.
Package textcomp Info: Setting lmvtt sub-encoding to TS1/0 on input line 315.
Package textcomp Info: Setting qhv sub-encoding to TS1/0 on input line 316.
Package textcomp Info: Setting qag sub-encoding to TS1/0 on input line 317.
Package textcomp Info: Setting qbk sub-encoding to TS1/0 on input line 318.
Package textcomp Info: Setting qcr sub-encoding to TS1/0 on input line 319.
Package textcomp Info: Setting qcs sub-encoding to TS1/0 on input line 320.
Package textcomp Info: Setting qpl sub-encoding to TS1/0 on input line 321.
Package textcomp Info: Setting qtm sub-encoding to TS1/0 on input line 322.
Package textcomp Info: Setting qzc sub-encoding to TS1/0 on input line 323.
Package textcomp Info: Setting qhvc sub-encoding to TS1/0 on input line 324.
Package textcomp Info: Setting futs sub-encoding to TS1/4 on input line 325.
Package textcomp Info: Setting futx sub-encoding to TS1/4 on input line 326.
Package textcomp Info: Setting futj sub-encoding to TS1/4 on input line 327.
Package textcomp Info: Setting hlh sub-encoding to TS1/3 on input line 328.
Package textcomp Info: Setting hls sub-encoding to TS1/3 on input line 329.
Package textcomp Info: Setting hlst sub-encoding to TS1/3 on input line 330.
Package textcomp Info: Setting hlct sub-encoding to TS1/5 on input line 331.
Package textcomp Info: Setting hlx sub-encoding to TS1/5 on input line 332.
Package textcomp Info: Setting hlce sub-encoding to TS1/5 on input line 333.
Package textcomp Info: Setting hlcn sub-encoding to TS1/5 on input line 334.
Package textcomp Info: Setting hlcw sub-encoding to TS1/5 on input line 335.
Package textcomp Info: Setting hlcf sub-encoding to TS1/5 on input line 336.
Package textcomp Info: Setting pplx sub-encoding to TS1/3 on input line 337.
Package textcomp Info: Setting pplj sub-encoding to TS1/3 on input line 338.
Package textcomp Info: Setting ptmx sub-encoding to TS1/4 on input line 339.
Package textcomp Info: Setting ptmj sub-encoding to TS1/4 on input line 340.
)
(/usr/local/texlive/2014/texmf-dist/tex/latex/was/gensymb.sty
Package: gensymb 2003/07/02 v1.0 (WaS)
)
(/usr/local/texlive/2014/texmf-dist/tex/latex/units/units.sty
Package: units 1998/08/04 v0.9b Typesetting units

(/usr/local/texlive/2014/texmf-dist/tex/latex/base/ifthen.sty
Package: ifthen 2001/05/26 v1.1c Standard LaTeX ifthen package (DPC)
)
(/usr/local/texlive/2014/texmf-dist/tex/latex/units/nicefrac.sty
Package: nicefrac 1998/08/04 v0.9b Nice fractions
\L@UnitsRaiseDisplaystyle=\skip70
\L@UnitsRaiseTextstyle=\skip71
\L@UnitsRaiseScriptstyle=\skip72
))
(/usr/local/texlive/2014/texmf-dist/tex/latex/hyperref/hyperref.sty
Package: hyperref 2012/11/06 v6.83m Hypertext links for LaTeX

(/usr/local/texlive/2014/texmf-dist/tex/generic/oberdiek/hobsub-hyperref.sty
Package: hobsub-hyperref 2012/05/28 v1.13 Bundle oberdiek, subset hyperref (HO)


(/usr/local/texlive/2014/texmf-dist/tex/generic/oberdiek/hobsub-generic.sty
Package: hobsub-generic 2012/05/28 v1.13 Bundle oberdiek, subset generic (HO)
Package: hobsub 2012/05/28 v1.13 Construct package bundles (HO)
Package: infwarerr 2010/04/08 v1.3 Providing info/warning/error messages (HO)
Package: ltxcmds 2011/11/09 v1.22 LaTeX kernel commands for general use (HO)
Package: ifluatex 2010/03/01 v1.3 Provides the ifluatex switch (HO)
Package ifluatex Info: LuaTeX not detected.
Package: ifvtex 2010/03/01 v1.5 Detect VTeX and its facilities (HO)
Package ifvtex Info: VTeX not detected.
Package: intcalc 2007/09/27 v1.1 Expandable calculations with integers (HO)
Package: ifpdf 2011/01/30 v2.3 Provides the ifpdf switch (HO)
Package ifpdf Info: pdfTeX in PDF mode is detected.
Package: etexcmds 2011/02/16 v1.5 Avoid name clashes with e-TeX commands (HO)
Package etexcmds Info: Could not find \expanded.
(etexcmds)             That can mean that you are not using pdfTeX 1.50 or
(etexcmds)             that some package has redefined \expanded.
(etexcmds)             In the latter case, load this package earlier.
Package: kvsetkeys 2012/04/25 v1.16 Key value parser (HO)
Package: kvdefinekeys 2011/04/07 v1.3 Define keys (HO)
Package: pdftexcmds 2011/11/29 v0.20 Utility functions of pdfTeX for LuaTeX (HO
)
Package pdftexcmds Info: LuaTeX not detected.
Package pdftexcmds Info: \pdf@primitive is available.
Package pdftexcmds Info: \pdf@ifprimitive is available.
Package pdftexcmds Info: \pdfdraftmode found.
Package: pdfescape 2011/11/25 v1.13 Implements pdfTeX's escape features (HO)
Package: bigintcalc 2012/04/08 v1.3 Expandable calculations on big integers (HO
)
Package: bitset 2011/01/30 v1.1 Handle bit-vector datatype (HO)
Package: uniquecounter 2011/01/30 v1.2 Provide unlimited unique counter (HO)
)
Package hobsub Info: Skipping package `hobsub' (already loaded).
Package: letltxmacro 2010/09/02 v1.4 Let assignment for LaTeX macros (HO)
Package: hopatch 2012/05/28 v1.2 Wrapper for package hooks (HO)
Package: xcolor-patch 2011/01/30 xcolor patch
Package: atveryend 2011/06/30 v1.8 Hooks at the very end of document (HO)
Package atveryend Info: \enddocument detected (standard20110627).
Package: atbegshi 2011/10/05 v1.16 At begin shipout hook (HO)
Package: refcount 2011/10/16 v3.4 Data extraction from label references (HO)
Package: hycolor 2011/01/30 v1.7 Color options for hyperref/bookmark (HO)
)
(/usr/local/texlive/2014/texmf-dist/tex/generic/ifxetex/ifxetex.sty
Package: ifxetex 2010/09/12 v0.6 Provides ifxetex conditional
)
(/usr/local/texlive/2014/texmf-dist/tex/latex/oberdiek/auxhook.sty
Package: auxhook 2011/03/04 v1.3 Hooks for auxiliary files (HO)
)
(/usr/local/texlive/2014/texmf-dist/tex/latex/oberdiek/kvoptions.sty
Package: kvoptions 2011/06/30 v3.11 Key value format for package options (HO)
)
\@linkdim=\dimen149
\Hy@linkcounter=\count122
\Hy@pagecounter=\count123

(/usr/local/texlive/2014/texmf-dist/tex/latex/hyperref/pd1enc.def
File: pd1enc.def 2012/11/06 v6.83m Hyperref: PDFDocEncoding definition (HO)
)
\Hy@SavedSpaceFactor=\count124

(/usr/local/texlive/2014/texmf-dist/tex/latex/latexconfig/hyperref.cfg
File: hyperref.cfg 2002/06/06 v1.2 hyperref configuration of TeXLive
)
Package hyperref Info: Option `breaklinks' set `true' on input line 4319.
Package hyperref Info: Option `bookmarksopen' set `true' on input line 4319.
Package hyperref Info: Option `bookmarksnumbered' set `true' on input line 4319
.
Package hyperref Info: Hyper figures OFF on input line 4443.
Package hyperref Info: Link nesting OFF on input line 4448.
Package hyperref Info: Hyper index ON on input line 4451.
Package hyperref Info: Plain pages OFF on input line 4458.
Package hyperref Info: Backreferencing OFF on input line 4463.
Package hyperref Info: Implicit mode ON; LaTeX internals redefined.
Package hyperref Info: Bookmarks ON on input line 4688.
\c@Hy@tempcnt=\count125

(/usr/local/texlive/2014/texmf-dist/tex/latex/url/url.sty
\Urlmuskip=\muskip11
Package: url 2013/09/16  ver 3.4  Verb mode for urls, etc.
)
LaTeX Info: Redefining \url on input line 5041.
\XeTeXLinkMargin=\dimen150
\Fld@menulength=\count126
\Field@Width=\dimen151
\Fld@charsize=\dimen152
Package hyperref Info: Hyper figures OFF on input line 6295.
Package hyperref Info: Link nesting OFF on input line 6300.
Package hyperref Info: Hyper index ON on input line 6303.
Package hyperref Info: backreferencing OFF on input line 6310.
Package hyperref Info: Link coloring OFF on input line 6315.
Package hyperref Info: Link coloring with OCG OFF on input line 6320.
Package hyperref Info: PDF/A mode OFF on input line 6325.
LaTeX Info: Redefining \ref on input line 6365.
LaTeX Info: Redefining \pageref on input line 6369.
\Hy@abspage=\count127
\c@Item=\count128
\c@Hfootnote=\count129
)

Package hyperref Message: Driver (autodetected): hpdftex.

(/usr/local/texlive/2014/texmf-dist/tex/latex/hyperref/hpdftex.def
File: hpdftex.def 2012/11/06 v6.83m Hyperref driver for pdfTeX
\Fld@listcount=\count130
\c@bookmark@seq@number=\count131

(/usr/local/texlive/2014/texmf-dist/tex/latex/oberdiek/rerunfilecheck.sty
Package: rerunfilecheck 2011/04/15 v1.7 Rerun checks for auxiliary files (HO)
Package uniquecounter Info: New unique counter `rerunfilecheck' on input line 2
82.
)
\Hy@SectionHShift=\skip73
)

LaTeX Warning: Unused global option(s):
    [pagesize].

(./bthesis.aux)
\openout1 = `bthesis.aux'.

LaTeX Font Info:    Checking defaults for OML/cmm/m/it on input line 72.
LaTeX Font Info:    ... okay on input line 72.
LaTeX Font Info:    Checking defaults for T1/cmr/m/n on input line 72.
LaTeX Font Info:    ... okay on input line 72.
LaTeX Font Info:    Checking defaults for OT1/cmr/m/n on input line 72.
LaTeX Font Info:    ... okay on input line 72.
LaTeX Font Info:    Checking defaults for OMS/cmsy/m/n on input line 72.
LaTeX Font Info:    ... okay on input line 72.
LaTeX Font Info:    Checking defaults for OMX/cmex/m/n on input line 72.
LaTeX Font Info:    ... okay on input line 72.
LaTeX Font Info:    Checking defaults for U/cmr/m/n on input line 72.
LaTeX Font Info:    ... okay on input line 72.
LaTeX Font Info:    Checking defaults for TS1/cmr/m/n on input line 72.
LaTeX Font Info:    Try loading font information for TS1+cmr on input line 72.
 (/usr/local/texlive/2014/texmf-dist/tex/latex/base/ts1cmr.fd
File: ts1cmr.fd 1999/05/25 v2.5h Standard LaTeX font definitions
)
LaTeX Font Info:    ... okay on input line 72.
LaTeX Font Info:    Checking defaults for PD1/pdf/m/n on input line 72.
LaTeX Font Info:    ... okay on input line 72.
LaTeX Font Info:    Try loading font information for T1+lmr on input line 72.

(/usr/local/texlive/2014/texmf-dist/tex/latex/lm/t1lmr.fd
File: t1lmr.fd 2009/10/30 v1.6 Font defs for Latin Modern
) (./datenumber.sty
Package: datenumber 2001/08/06v0.02

(./datenumberUSenglish.ldf
File: datenumberUSenglish.ldf 
) (./datenumberenglish.ldf
File: datenumberenglish.ldf 
) (./datenumbergerman.ldf
File: datenumbergerman.ldf 
)
\c@@dayscnt=\count132
\c@@startyear=\count133
\c@datenumber=\count134
\c@dateyear=\count135
\c@datemonth=\count136
\c@dateday=\count137
\c@datedayname=\count138
\@nom=\count139
\@den=\count140
)
Package caption Info: Begin \AtBeginDocument code.
Package caption Info: hyperref package is loaded.
Package caption Info: subfigure package is loaded.
Package caption Info: End \AtBeginDocument code.
(/usr/local/texlive/2014/texmf-dist/tex/latex/oberdiek/epstopdf-base.sty
Package: epstopdf-base 2010/02/09 v2.5 Base part for package epstopdf

(/usr/local/texlive/2014/texmf-dist/tex/latex/oberdiek/grfext.sty
Package: grfext 2010/08/19 v1.1 Manage graphics extensions (HO)
)

Package epstopdf Warning: Drivers other than `pdftex.def' are not supported.

)
\symgns@font=\mathgroup10
LaTeX Font Info:    Overwriting symbol font `gns@font' in version `bold'
(Font)                  TS1/lmr/m/n --> TS1/lmr/bx/n on input line 72.
Package gensymb Info: Math companion symbols declared on input line 72.
LaTeX Info: Redefining \degree on input line 72.
LaTeX Info: Redefining \celsius on input line 72.
Package gensymb Info: Using text companion symbols for \degree, \celsius and \p
erthousand on input line 72.
LaTeX Info: Redefining \ohm on input line 72.
Package gensymb Info: Using \textohm for \ohm on input line 72.
Package gensymb Info: Using \textmu for \micro on input line 72.
\AtBeginShipoutBox=\box34
Package hyperref Info: Link coloring OFF on input line 72.
 (/usr/local/texlive/2014/texmf-dist/tex/latex/hyperref/nameref.sty
Package: nameref 2012/10/27 v2.43 Cross-referencing by name of section

(/usr/local/texlive/2014/texmf-dist/tex/generic/oberdiek/gettitlestring.sty
Package: gettitlestring 2010/12/03 v1.4 Cleanup title references (HO)
)
\c@section@level=\count141
)
LaTeX Info: Redefining \ref on input line 72.
LaTeX Info: Redefining \pageref on input line 72.
LaTeX Info: Redefining \nameref on input line 72.

(./bthesis.out) (./bthesis.out)
\@outlinefile=\write3
\openout3 = `bthesis.out'.

File: figures/Logo_Uni_Goettingen.eps Graphic file (type eps)
 <figures/Logo_Uni_Goettingen.eps>
File: figures/Logo_Physik_links.eps Graphic file (type eps)

<figures/Logo_Physik_links.eps>
LaTeX Font Info:    Try loading font information for OT1+lmr on input line 108.


(/usr/local/texlive/2014/texmf-dist/tex/latex/lm/ot1lmr.fd
File: ot1lmr.fd 2009/10/30 v1.6 Font defs for Latin Modern
)
LaTeX Font Info:    Try loading font information for OML+lmm on input line 108.


(/usr/local/texlive/2014/texmf-dist/tex/latex/lm/omllmm.fd
File: omllmm.fd 2009/10/30 v1.6 Font defs for Latin Modern
)
LaTeX Font Info:    Try loading font information for OMS+lmsy on input line 108
.

(/usr/local/texlive/2014/texmf-dist/tex/latex/lm/omslmsy.fd
File: omslmsy.fd 2009/10/30 v1.6 Font defs for Latin Modern
)
LaTeX Font Info:    Try loading font information for OMX+lmex on input line 108
.

(/usr/local/texlive/2014/texmf-dist/tex/latex/lm/omxlmex.fd
File: omxlmex.fd 2009/10/30 v1.6 Font defs for Latin Modern
)
LaTeX Font Info:    External font `lmex10' loaded for size
(Font)              <12> on input line 108.
LaTeX Font Info:    External font `lmex10' loaded for size
(Font)              <8> on input line 108.
LaTeX Font Info:    External font `lmex10' loaded for size
(Font)              <6> on input line 108.
LaTeX Font Info:    Try loading font information for U+msa on input line 108.

(/usr/local/texlive/2014/texmf-dist/tex/latex/amsfonts/umsa.fd
File: umsa.fd 2013/01/14 v3.01 AMS symbols A
)
LaTeX Font Info:    Try loading font information for U+msb on input line 108.

(/usr/local/texlive/2014/texmf-dist/tex/latex/amsfonts/umsb.fd
File: umsb.fd 2013/01/14 v3.01 AMS symbols B
)
LaTeX Font Info:    Try loading font information for U+rsfs on input line 108.

(/usr/local/texlive/2014/texmf-dist/tex/latex/jknapltx/ursfs.fd
File: ursfs.fd 1998/03/24 rsfs font definition file (jk)
)
LaTeX Font Info:    Try loading font information for TS1+lmr on input line 108.


(/usr/local/texlive/2014/texmf-dist/tex/latex/lm/ts1lmr.fd
File: ts1lmr.fd 2009/10/30 v1.6 Font defs for Latin Modern
) [1





Non-PDF special ignored!
Non-PDF special ignored!{/usr/local/texlive/2014/texmf-var/fonts/map/pdftex/upd
map/pdftex.map}] [2

] [3] [4

] (./bthesis.toc)
\tf@toc=\write4
\openout4 = `bthesis.toc'.

 [5

] [6

]
Underfull \vbox (badness 10000) has occurred while \output is active []

 [7

]
[8


]
Chapter 1.
LaTeX Font Info:    Try loading font information for T1+lmtt on input line 175.

(/usr/local/texlive/2014/texmf-dist/tex/latex/lm/t1lmtt.fd
File: t1lmtt.fd 2009/10/30 v1.6 Font defs for Latin Modern
)
Overfull \hbox (2.04892pt too wide) in paragraph at lines 206--208
[][]\T1/lmtt/m/n/12 \ThesisAuthor{Vorname}{Nachname}\T1/lmr/m/n/12 : Die Ar-gu-
mente sind der Vor-name und Nach-
 []

[1

]
Overfull \hbox (50.0642pt too wide) in paragraph at lines 215--217
[][]\T1/lmtt/m/n/12 \SecondReferee{Zweite/r Gutachter/in}\T1/lmr/m/n/12 : Volle
r Ti-tel und Name des/r Zweitgutachter/in. 
 []

[2]
Chapter 2.
File: figures/bild.eps Graphic file (type eps)
<figures/bild.eps> [3

] [4
Non-PDF special ignored!]
Chapter 3.
[5

] [6

]
Chapter 4.
[7]

Class scrbook Warning: Usage of deprecated font command `\bf'!
(scrbook)              You should note, that in 1994 font command `\bf' has
(scrbook)              been defined for compatiblitiy to Script 2.0 only.
(scrbook)              Now, after two decades of LaTeX2e and NFSS2, you
(scrbook)              shouldn't use such commands any longer and within
(scrbook)              KOMA-Script usage of `\bf' is definitely deprecated.
(scrbook)              See `fntguide.pdf' for more information about
(scrbook)              recommended font commands.
(scrbook)              Note also, that KOMA-Script will remove the definition
(scrbook)              of `\bf' anytime until release of about version 3.20.
(scrbook)              But for now, KOMA-Script will replace deprecated `\bf'
(scrbook)              by `\normalfont \bfseries ' on input line 346.


Class scrbook Warning: Usage of deprecated font command `\bf'!
(scrbook)              You should note, that in 1994 font command `\bf' has
(scrbook)              been defined for compatiblitiy to Script 2.0 only.
(scrbook)              Now, after two decades of LaTeX2e and NFSS2, you
(scrbook)              shouldn't use such commands any longer and within
(scrbook)              KOMA-Script usage of `\bf' is definitely deprecated.
(scrbook)              See `fntguide.pdf' for more information about
(scrbook)              recommended font commands.
(scrbook)              Note also, that KOMA-Script will remove the definition
(scrbook)              of `\bf' anytime until release of about version 3.20.
(scrbook)              But for now, KOMA-Script will replace deprecated `\bf'
(scrbook)              by `\normalfont \bfseries ' on input line 347.


Class scrbook Warning: Usage of deprecated font command `\bf'!
(scrbook)              You should note, that in 1994 font command `\bf' has
(scrbook)              been defined for compatiblitiy to Script 2.0 only.
(scrbook)              Now, after two decades of LaTeX2e and NFSS2, you
(scrbook)              shouldn't use such commands any longer and within
(scrbook)              KOMA-Script usage of `\bf' is definitely deprecated.
(scrbook)              See `fntguide.pdf' for more information about
(scrbook)              recommended font commands.
(scrbook)              Note also, that KOMA-Script will remove the definition
(scrbook)              of `\bf' anytime until release of about version 3.20.
(scrbook)              But for now, KOMA-Script will replace deprecated `\bf'
(scrbook)              by `\normalfont \bfseries ' on input line 358.


Class scrbook Warning: Usage of deprecated font command `\rm'!
(scrbook)              You should note, that in 1994 font command `\rm' has
(scrbook)              been defined for compatiblitiy to Script 2.0 only.
(scrbook)              Now, after two decades of LaTeX2e and NFSS2, you
(scrbook)              shouldn't use such commands any longer and within
(scrbook)              KOMA-Script usage of `\rm' is definitely deprecated.
(scrbook)              See `fntguide.pdf' for more information about
(scrbook)              recommended font commands.
(scrbook)              Note also, that KOMA-Script will remove the definition
(scrbook)              of `\rm' anytime until release of about version 3.20.
(scrbook)              But for now, KOMA-Script will replace deprecated `\rm'
(scrbook)              by `\mathrm ' on input line 358.


Class scrbook Warning: Usage of deprecated font command `\bf'!
(scrbook)              You should note, that in 1994 font command `\bf' has
(scrbook)              been defined for compatiblitiy to Script 2.0 only.
(scrbook)              Now, after two decades of LaTeX2e and NFSS2, you
(scrbook)              shouldn't use such commands any longer and within
(scrbook)              KOMA-Script usage of `\bf' is definitely deprecated.
(scrbook)              See `fntguide.pdf' for more information about
(scrbook)              recommended font commands.
(scrbook)              Note also, that KOMA-Script will remove the definition
(scrbook)              of `\bf' anytime until release of about version 3.20.
(scrbook)              But for now, KOMA-Script will replace deprecated `\bf'
(scrbook)              by `\normalfont \bfseries ' on input line 360.


Class scrbook Warning: Usage of deprecated font command `\rm'!
(scrbook)              You should note, that in 1994 font command `\rm' has
(scrbook)              been defined for compatiblitiy to Script 2.0 only.
(scrbook)              Now, after two decades of LaTeX2e and NFSS2, you
(scrbook)              shouldn't use such commands any longer and within
(scrbook)              KOMA-Script usage of `\rm' is definitely deprecated.
(scrbook)              See `fntguide.pdf' for more information about
(scrbook)              recommended font commands.
(scrbook)              Note also, that KOMA-Script will remove the definition
(scrbook)              of `\rm' anytime until release of about version 3.20.
(scrbook)              But for now, KOMA-Script will replace deprecated `\rm'
(scrbook)              by `\mathrm ' on input line 360.


Class scrbook Warning: Usage of deprecated font command `\rm'!
(scrbook)              You should note, that in 1994 font command `\rm' has
(scrbook)              been defined for compatiblitiy to Script 2.0 only.
(scrbook)              Now, after two decades of LaTeX2e and NFSS2, you
(scrbook)              shouldn't use such commands any longer and within
(scrbook)              KOMA-Script usage of `\rm' is definitely deprecated.
(scrbook)              See `fntguide.pdf' for more information about
(scrbook)              recommended font commands.
(scrbook)              Note also, that KOMA-Script will remove the definition
(scrbook)              of `\rm' anytime until release of about version 3.20.
(scrbook)              But for now, KOMA-Script will replace deprecated `\rm'
(scrbook)              by `\mathrm ' on input line 361.


Class scrbook Warning: Usage of deprecated font command `\bf'!
(scrbook)              You should note, that in 1994 font command `\bf' has
(scrbook)              been defined for compatiblitiy to Script 2.0 only.
(scrbook)              Now, after two decades of LaTeX2e and NFSS2, you
(scrbook)              shouldn't use such commands any longer and within
(scrbook)              KOMA-Script usage of `\bf' is definitely deprecated.
(scrbook)              See `fntguide.pdf' for more information about
(scrbook)              recommended font commands.
(scrbook)              Note also, that KOMA-Script will remove the definition
(scrbook)              of `\bf' anytime until release of about version 3.20.
(scrbook)              But for now, KOMA-Script will replace deprecated `\bf'
(scrbook)              by `\normalfont \bfseries ' on input line 362.


Class scrbook Warning: Usage of deprecated font command `\bf'!
(scrbook)              You should note, that in 1994 font command `\bf' has
(scrbook)              been defined for compatiblitiy to Script 2.0 only.
(scrbook)              Now, after two decades of LaTeX2e and NFSS2, you
(scrbook)              shouldn't use such commands any longer and within
(scrbook)              KOMA-Script usage of `\bf' is definitely deprecated.
(scrbook)              See `fntguide.pdf' for more information about
(scrbook)              recommended font commands.
(scrbook)              Note also, that KOMA-Script will remove the definition
(scrbook)              of `\bf' anytime until release of about version 3.20.
(scrbook)              But for now, KOMA-Script will replace deprecated `\bf'
(scrbook)              by `\normalfont \bfseries ' on input line 364.


Class scrbook Warning: Usage of deprecated font command `\rm'!
(scrbook)              You should note, that in 1994 font command `\rm' has
(scrbook)              been defined for compatiblitiy to Script 2.0 only.
(scrbook)              Now, after two decades of LaTeX2e and NFSS2, you
(scrbook)              shouldn't use such commands any longer and within
(scrbook)              KOMA-Script usage of `\rm' is definitely deprecated.
(scrbook)              See `fntguide.pdf' for more information about
(scrbook)              recommended font commands.
(scrbook)              Note also, that KOMA-Script will remove the definition
(scrbook)              of `\rm' anytime until release of about version 3.20.
(scrbook)              But for now, KOMA-Script will replace deprecated `\rm'
(scrbook)              by `\mathrm ' on input line 365.


Class scrbook Warning: Usage of deprecated font command `\tt'!
(scrbook)              You should note, that in 1994 font command `\tt' has
(scrbook)              been defined for compatiblitiy to Script 2.0 only.
(scrbook)              Now, after two decades of LaTeX2e and NFSS2, you
(scrbook)              shouldn't use such commands any longer and within
(scrbook)              KOMA-Script usage of `\tt' is definitely deprecated.
(scrbook)              See `fntguide.pdf' for more information about
(scrbook)              recommended font commands.
(scrbook)              Note also, that KOMA-Script will remove the definition
(scrbook)              of `\tt' anytime until release of about version 3.20.
(scrbook)              But for now, KOMA-Script will replace deprecated `\tt'
(scrbook)              by `\normalfont \ttfamily ' on input line 400.


Class scrbook Warning: Usage of deprecated font command `\tt'!
(scrbook)              You should note, that in 1994 font command `\tt' has
(scrbook)              been defined for compatiblitiy to Script 2.0 only.
(scrbook)              Now, after two decades of LaTeX2e and NFSS2, you
(scrbook)              shouldn't use such commands any longer and within
(scrbook)              KOMA-Script usage of `\tt' is definitely deprecated.
(scrbook)              See `fntguide.pdf' for more information about
(scrbook)              recommended font commands.
(scrbook)              Note also, that KOMA-Script will remove the definition
(scrbook)              of `\tt' anytime until release of about version 3.20.
(scrbook)              But for now, KOMA-Script will replace deprecated `\tt'
(scrbook)              by `\normalfont \ttfamily ' on input line 404.

[8]

Class scrbook Warning: Usage of deprecated font command `\tt'!
(scrbook)              You should note, that in 1994 font command `\tt' has
(scrbook)              been defined for compatiblitiy to Script 2.0 only.
(scrbook)              Now, after two decades of LaTeX2e and NFSS2, you
(scrbook)              shouldn't use such commands any longer and within
(scrbook)              KOMA-Script usage of `\tt' is definitely deprecated.
(scrbook)              See `fntguide.pdf' for more information about
(scrbook)              recommended font commands.
(scrbook)              Note also, that KOMA-Script will remove the definition
(scrbook)              of `\tt' anytime until release of about version 3.20.
(scrbook)              But for now, KOMA-Script will replace deprecated `\tt'
(scrbook)              by `\normalfont \ttfamily ' on input line 406.


Class scrbook Warning: Usage of deprecated font command `\tt'!
(scrbook)              You should note, that in 1994 font command `\tt' has
(scrbook)              been defined for compatiblitiy to Script 2.0 only.
(scrbook)              Now, after two decades of LaTeX2e and NFSS2, you
(scrbook)              shouldn't use such commands any longer and within
(scrbook)              KOMA-Script usage of `\tt' is definitely deprecated.
(scrbook)              See `fntguide.pdf' for more information about
(scrbook)              recommended font commands.
(scrbook)              Note also, that KOMA-Script will remove the definition
(scrbook)              of `\tt' anytime until release of about version 3.20.
(scrbook)              But for now, KOMA-Script will replace deprecated `\tt'
(scrbook)              by `\normalfont \ttfamily ' on input line 406.


Class scrbook Warning: Usage of deprecated font command `\tt'!
(scrbook)              You should note, that in 1994 font command `\tt' has
(scrbook)              been defined for compatiblitiy to Script 2.0 only.
(scrbook)              Now, after two decades of LaTeX2e and NFSS2, you
(scrbook)              shouldn't use such commands any longer and within
(scrbook)              KOMA-Script usage of `\tt' is definitely deprecated.
(scrbook)              See `fntguide.pdf' for more information about
(scrbook)              recommended font commands.
(scrbook)              Note also, that KOMA-Script will remove the definition
(scrbook)              of `\tt' anytime until release of about version 3.20.
(scrbook)              But for now, KOMA-Script will replace deprecated `\tt'
(scrbook)              by `\normalfont \ttfamily ' on input line 406.


Class scrbook Warning: Usage of deprecated font command `\tt'!
(scrbook)              You should note, that in 1994 font command `\tt' has
(scrbook)              been defined for compatiblitiy to Script 2.0 only.
(scrbook)              Now, after two decades of LaTeX2e and NFSS2, you
(scrbook)              shouldn't use such commands any longer and within
(scrbook)              KOMA-Script usage of `\tt' is definitely deprecated.
(scrbook)              See `fntguide.pdf' for more information about
(scrbook)              recommended font commands.
(scrbook)              Note also, that KOMA-Script will remove the definition
(scrbook)              of `\tt' anytime until release of about version 3.20.
(scrbook)              But for now, KOMA-Script will replace deprecated `\tt'
(scrbook)              by `\normalfont \ttfamily ' on input line 407.


Class scrbook Warning: Usage of deprecated font command `\tt'!
(scrbook)              You should note, that in 1994 font command `\tt' has
(scrbook)              been defined for compatiblitiy to Script 2.0 only.
(scrbook)              Now, after two decades of LaTeX2e and NFSS2, you
(scrbook)              shouldn't use such commands any longer and within
(scrbook)              KOMA-Script usage of `\tt' is definitely deprecated.
(scrbook)              See `fntguide.pdf' for more information about
(scrbook)              recommended font commands.
(scrbook)              Note also, that KOMA-Script will remove the definition
(scrbook)              of `\tt' anytime until release of about version 3.20.
(scrbook)              But for now, KOMA-Script will replace deprecated `\tt'
(scrbook)              by `\normalfont \ttfamily ' on input line 434.


Class scrbook Warning: Usage of deprecated font command `\tt'!
(scrbook)              You should note, that in 1994 font command `\tt' has
(scrbook)              been defined for compatiblitiy to Script 2.0 only.
(scrbook)              Now, after two decades of LaTeX2e and NFSS2, you
(scrbook)              shouldn't use such commands any longer and within
(scrbook)              KOMA-Script usage of `\tt' is definitely deprecated.
(scrbook)              See `fntguide.pdf' for more information about
(scrbook)              recommended font commands.
(scrbook)              Note also, that KOMA-Script will remove the definition
(scrbook)              of `\tt' anytime until release of about version 3.20.
(scrbook)              But for now, KOMA-Script will replace deprecated `\tt'
(scrbook)              by `\normalfont \ttfamily ' on input line 434.


Class scrbook Warning: Usage of deprecated font command `\tt'!
(scrbook)              You should note, that in 1994 font command `\tt' has
(scrbook)              been defined for compatiblitiy to Script 2.0 only.
(scrbook)              Now, after two decades of LaTeX2e and NFSS2, you
(scrbook)              shouldn't use such commands any longer and within
(scrbook)              KOMA-Script usage of `\tt' is definitely deprecated.
(scrbook)              See `fntguide.pdf' for more information about
(scrbook)              recommended font commands.
(scrbook)              Note also, that KOMA-Script will remove the definition
(scrbook)              of `\tt' anytime until release of about version 3.20.
(scrbook)              But for now, KOMA-Script will replace deprecated `\tt'
(scrbook)              by `\normalfont \ttfamily ' on input line 439.


Class scrbook Warning: Usage of deprecated font command `\tt'!
(scrbook)              You should note, that in 1994 font command `\tt' has
(scrbook)              been defined for compatiblitiy to Script 2.0 only.
(scrbook)              Now, after two decades of LaTeX2e and NFSS2, you
(scrbook)              shouldn't use such commands any longer and within
(scrbook)              KOMA-Script usage of `\tt' is definitely deprecated.
(scrbook)              See `fntguide.pdf' for more information about
(scrbook)              recommended font commands.
(scrbook)              Note also, that KOMA-Script will remove the definition
(scrbook)              of `\tt' anytime until release of about version 3.20.
(scrbook)              But for now, KOMA-Script will replace deprecated `\tt'
(scrbook)              by `\normalfont \ttfamily ' on input line 441.


Class scrbook Warning: Usage of deprecated font command `\tt'!
(scrbook)              You should note, that in 1994 font command `\tt' has
(scrbook)              been defined for compatiblitiy to Script 2.0 only.
(scrbook)              Now, after two decades of LaTeX2e and NFSS2, you
(scrbook)              shouldn't use such commands any longer and within
(scrbook)              KOMA-Script usage of `\tt' is definitely deprecated.
(scrbook)              See `fntguide.pdf' for more information about
(scrbook)              recommended font commands.
(scrbook)              Note also, that KOMA-Script will remove the definition
(scrbook)              of `\tt' anytime until release of about version 3.20.
(scrbook)              But for now, KOMA-Script will replace deprecated `\tt'
(scrbook)              by `\normalfont \ttfamily ' on input line 441.


Class scrbook Warning: Usage of deprecated font command `\tt'!
(scrbook)              You should note, that in 1994 font command `\tt' has
(scrbook)              been defined for compatiblitiy to Script 2.0 only.
(scrbook)              Now, after two decades of LaTeX2e and NFSS2, you
(scrbook)              shouldn't use such commands any longer and within
(scrbook)              KOMA-Script usage of `\tt' is definitely deprecated.
(scrbook)              See `fntguide.pdf' for more information about
(scrbook)              recommended font commands.
(scrbook)              Note also, that KOMA-Script will remove the definition
(scrbook)              of `\tt' anytime until release of about version 3.20.
(scrbook)              But for now, KOMA-Script will replace deprecated `\tt'
(scrbook)              by `\normalfont \ttfamily ' on input line 441.


Class scrbook Warning: Usage of deprecated font command `\tt'!
(scrbook)              You should note, that in 1994 font command `\tt' has
(scrbook)              been defined for compatiblitiy to Script 2.0 only.
(scrbook)              Now, after two decades of LaTeX2e and NFSS2, you
(scrbook)              shouldn't use such commands any longer and within
(scrbook)              KOMA-Script usage of `\tt' is definitely deprecated.
(scrbook)              See `fntguide.pdf' for more information about
(scrbook)              recommended font commands.
(scrbook)              Note also, that KOMA-Script will remove the definition
(scrbook)              of `\tt' anytime until release of about version 3.20.
(scrbook)              But for now, KOMA-Script will replace deprecated `\tt'
(scrbook)              by `\normalfont \ttfamily ' on input line 442.


Class scrbook Warning: Usage of deprecated font command `\tt'!
(scrbook)              You should note, that in 1994 font command `\tt' has
(scrbook)              been defined for compatiblitiy to Script 2.0 only.
(scrbook)              Now, after two decades of LaTeX2e and NFSS2, you
(scrbook)              shouldn't use such commands any longer and within
(scrbook)              KOMA-Script usage of `\tt' is definitely deprecated.
(scrbook)              See `fntguide.pdf' for more information about
(scrbook)              recommended font commands.
(scrbook)              Note also, that KOMA-Script will remove the definition
(scrbook)              of `\tt' anytime until release of about version 3.20.
(scrbook)              But for now, KOMA-Script will replace deprecated `\tt'
(scrbook)              by `\normalfont \ttfamily ' on input line 447.


Class scrbook Warning: Usage of deprecated font command `\tt'!
(scrbook)              You should note, that in 1994 font command `\tt' has
(scrbook)              been defined for compatiblitiy to Script 2.0 only.
(scrbook)              Now, after two decades of LaTeX2e and NFSS2, you
(scrbook)              shouldn't use such commands any longer and within
(scrbook)              KOMA-Script usage of `\tt' is definitely deprecated.
(scrbook)              See `fntguide.pdf' for more information about
(scrbook)              recommended font commands.
(scrbook)              Note also, that KOMA-Script will remove the definition
(scrbook)              of `\tt' anytime until release of about version 3.20.
(scrbook)              But for now, KOMA-Script will replace deprecated `\tt'
(scrbook)              by `\normalfont \ttfamily ' on input line 447.


Class scrbook Warning: Usage of deprecated font command `\it'!
(scrbook)              You should note, that in 1994 font command `\it' has
(scrbook)              been defined for compatiblitiy to Script 2.0 only.
(scrbook)              Now, after two decades of LaTeX2e and NFSS2, you
(scrbook)              shouldn't use such commands any longer and within
(scrbook)              KOMA-Script usage of `\it' is definitely deprecated.
(scrbook)              See `fntguide.pdf' for more information about
(scrbook)              recommended font commands.
(scrbook)              Note also, that KOMA-Script will remove the definition
(scrbook)              of `\it' anytime until release of about version 3.20.
(scrbook)              But for now, KOMA-Script will replace deprecated `\it'
(scrbook)              by `\normalfont \itshape ' on input line 457.

[9]

Class scrbook Warning: Usage of deprecated font command `\tt'!
(scrbook)              You should note, that in 1994 font command `\tt' has
(scrbook)              been defined for compatiblitiy to Script 2.0 only.
(scrbook)              Now, after two decades of LaTeX2e and NFSS2, you
(scrbook)              shouldn't use such commands any longer and within
(scrbook)              KOMA-Script usage of `\tt' is definitely deprecated.
(scrbook)              See `fntguide.pdf' for more information about
(scrbook)              recommended font commands.
(scrbook)              Note also, that KOMA-Script will remove the definition
(scrbook)              of `\tt' anytime until release of about version 3.20.
(scrbook)              But for now, KOMA-Script will replace deprecated `\tt'
(scrbook)              by `\normalfont \ttfamily ' on input line 462.


Class scrbook Warning: Usage of deprecated font command `\bf'!
(scrbook)              You should note, that in 1994 font command `\bf' has
(scrbook)              been defined for compatiblitiy to Script 2.0 only.
(scrbook)              Now, after two decades of LaTeX2e and NFSS2, you
(scrbook)              shouldn't use such commands any longer and within
(scrbook)              KOMA-Script usage of `\bf' is definitely deprecated.
(scrbook)              See `fntguide.pdf' for more information about
(scrbook)              recommended font commands.
(scrbook)              Note also, that KOMA-Script will remove the definition
(scrbook)              of `\bf' anytime until release of about version 3.20.
(scrbook)              But for now, KOMA-Script will replace deprecated `\bf'
(scrbook)              by `\normalfont \bfseries ' on input line 474.


Class scrbook Warning: Usage of deprecated font command `\bf'!
(scrbook)              You should note, that in 1994 font command `\bf' has
(scrbook)              been defined for compatiblitiy to Script 2.0 only.
(scrbook)              Now, after two decades of LaTeX2e and NFSS2, you
(scrbook)              shouldn't use such commands any longer and within
(scrbook)              KOMA-Script usage of `\bf' is definitely deprecated.
(scrbook)              See `fntguide.pdf' for more information about
(scrbook)              recommended font commands.
(scrbook)              Note also, that KOMA-Script will remove the definition
(scrbook)              of `\bf' anytime until release of about version 3.20.
(scrbook)              But for now, KOMA-Script will replace deprecated `\bf'
(scrbook)              by `\normalfont \bfseries ' on input line 475.


Class scrbook Warning: Usage of deprecated font command `\tt'!
(scrbook)              You should note, that in 1994 font command `\tt' has
(scrbook)              been defined for compatiblitiy to Script 2.0 only.
(scrbook)              Now, after two decades of LaTeX2e and NFSS2, you
(scrbook)              shouldn't use such commands any longer and within
(scrbook)              KOMA-Script usage of `\tt' is definitely deprecated.
(scrbook)              See `fntguide.pdf' for more information about
(scrbook)              recommended font commands.
(scrbook)              Note also, that KOMA-Script will remove the definition
(scrbook)              of `\tt' anytime until release of about version 3.20.
(scrbook)              But for now, KOMA-Script will replace deprecated `\tt'
(scrbook)              by `\normalfont \ttfamily ' on input line 480.


Class scrbook Warning: Usage of deprecated font command `\it'!
(scrbook)              You should note, that in 1994 font command `\it' has
(scrbook)              been defined for compatiblitiy to Script 2.0 only.
(scrbook)              Now, after two decades of LaTeX2e and NFSS2, you
(scrbook)              shouldn't use such commands any longer and within
(scrbook)              KOMA-Script usage of `\it' is definitely deprecated.
(scrbook)              See `fntguide.pdf' for more information about
(scrbook)              recommended font commands.
(scrbook)              Note also, that KOMA-Script will remove the definition
(scrbook)              of `\it' anytime until release of about version 3.20.
(scrbook)              But for now, KOMA-Script will replace deprecated `\it'
(scrbook)              by `\normalfont \itshape ' on input line 491.

[10]

Class scrbook Warning: Usage of deprecated font command `\tt'!
(scrbook)              You should note, that in 1994 font command `\tt' has
(scrbook)              been defined for compatiblitiy to Script 2.0 only.
(scrbook)              Now, after two decades of LaTeX2e and NFSS2, you
(scrbook)              shouldn't use such commands any longer and within
(scrbook)              KOMA-Script usage of `\tt' is definitely deprecated.
(scrbook)              See `fntguide.pdf' for more information about
(scrbook)              recommended font commands.
(scrbook)              Note also, that KOMA-Script will remove the definition
(scrbook)              of `\tt' anytime until release of about version 3.20.
(scrbook)              But for now, KOMA-Script will replace deprecated `\tt'
(scrbook)              by `\normalfont \ttfamily ' on input line 518.


Class scrbook Warning: Usage of deprecated font command `\sc'!
(scrbook)              You should note, that in 1994 font command `\sc' has
(scrbook)              been defined for compatiblitiy to Script 2.0 only.
(scrbook)              Now, after two decades of LaTeX2e and NFSS2, you
(scrbook)              shouldn't use such commands any longer and within
(scrbook)              KOMA-Script usage of `\sc' is definitely deprecated.
(scrbook)              See `fntguide.pdf' for more information about
(scrbook)              recommended font commands.
(scrbook)              Note also, that KOMA-Script will remove the definition
(scrbook)              of `\sc' anytime until release of about version 3.20.
(scrbook)              But for now, KOMA-Script will replace deprecated `\sc'
(scrbook)              by `\normalfont \scshape ' on input line 520.


Class scrbook Warning: Usage of deprecated font command `\sc'!
(scrbook)              You should note, that in 1994 font command `\sc' has
(scrbook)              been defined for compatiblitiy to Script 2.0 only.
(scrbook)              Now, after two decades of LaTeX2e and NFSS2, you
(scrbook)              shouldn't use such commands any longer and within
(scrbook)              KOMA-Script usage of `\sc' is definitely deprecated.
(scrbook)              See `fntguide.pdf' for more information about
(scrbook)              recommended font commands.
(scrbook)              Note also, that KOMA-Script will remove the definition
(scrbook)              of `\sc' anytime until release of about version 3.20.
(scrbook)              But for now, KOMA-Script will replace deprecated `\sc'
(scrbook)              by `\normalfont \scshape ' on input line 520.


Class scrbook Warning: Usage of deprecated font command `\sc'!
(scrbook)              You should note, that in 1994 font command `\sc' has
(scrbook)              been defined for compatiblitiy to Script 2.0 only.
(scrbook)              Now, after two decades of LaTeX2e and NFSS2, you
(scrbook)              shouldn't use such commands any longer and within
(scrbook)              KOMA-Script usage of `\sc' is definitely deprecated.
(scrbook)              See `fntguide.pdf' for more information about
(scrbook)              recommended font commands.
(scrbook)              Note also, that KOMA-Script will remove the definition
(scrbook)              of `\sc' anytime until release of about version 3.20.
(scrbook)              But for now, KOMA-Script will replace deprecated `\sc'
(scrbook)              by `\normalfont \scshape ' on input line 520.


Class scrbook Warning: Usage of deprecated font command `\sc'!
(scrbook)              You should note, that in 1994 font command `\sc' has
(scrbook)              been defined for compatiblitiy to Script 2.0 only.
(scrbook)              Now, after two decades of LaTeX2e and NFSS2, you
(scrbook)              shouldn't use such commands any longer and within
(scrbook)              KOMA-Script usage of `\sc' is definitely deprecated.
(scrbook)              See `fntguide.pdf' for more information about
(scrbook)              recommended font commands.
(scrbook)              Note also, that KOMA-Script will remove the definition
(scrbook)              of `\sc' anytime until release of about version 3.20.
(scrbook)              But for now, KOMA-Script will replace deprecated `\sc'
(scrbook)              by `\normalfont \scshape ' on input line 520.


Class scrbook Warning: Usage of deprecated font command `\sc'!
(scrbook)              You should note, that in 1994 font command `\sc' has
(scrbook)              been defined for compatiblitiy to Script 2.0 only.
(scrbook)              Now, after two decades of LaTeX2e and NFSS2, you
(scrbook)              shouldn't use such commands any longer and within
(scrbook)              KOMA-Script usage of `\sc' is definitely deprecated.
(scrbook)              See `fntguide.pdf' for more information about
(scrbook)              recommended font commands.
(scrbook)              Note also, that KOMA-Script will remove the definition
(scrbook)              of `\sc' anytime until release of about version 3.20.
(scrbook)              But for now, KOMA-Script will replace deprecated `\sc'
(scrbook)              by `\normalfont \scshape ' on input line 520.

[11] [12

]
Chapter 5.
[13] [14

]
Chapter 6.
[15] [16

]
Chapter 7.
[17] [18

]
Appendix A.
[19] [20

]
Appendix B.
[21] [22

] (./bthesis.bbl) [23

] [24

] [25]
Package atveryend Info: Empty hook `BeforeClearDocument' on input line 552.
 [26

]
Package atveryend Info: Empty hook `AfterLastShipout' on input line 552.
 (./bthesis.aux)
Package atveryend Info: Executing hook `AtVeryEndDocument' on input line 552.
Package atveryend Info: Executing hook `AtEndAfterFileList' on input line 552.
Package rerunfilecheck Info: File `bthesis.out' has not changed.
(rerunfilecheck)             Checksum: D5AD9622E366EB01ACFDA6844254F9FB;821.
Package atveryend Info: Empty hook `AtVeryVeryEnd' on input line 552.
 ) 
Here is how much of TeX's memory you used:
 11004 strings out of 493117
 166598 string characters out of 6135433
 296726 words of memory out of 5000000
 14149 multiletter control sequences out of 15000+600000
 65054 words of font info for 59 fonts, out of 8000000 for 9000
 1141 hyphenation exceptions out of 8191
 47i,10n,50p,308b,424s stack positions out of 5000i,500n,10000p,200000b,80000s
{/usr/local/texlive/2014/texmf-dist/fonts/enc/dvips/lm/lm-mathit.enc}{/usr/lo
cal/texlive/2014/texmf-dist/fonts/enc/dvips/lm/lm-ec.enc}{/usr/local/texlive/20
14/texmf-dist/fonts/enc/dvips/lm/lm-mathsy.enc}{/usr/local/texlive/2014/texmf-d
ist/fonts/enc/dvips/lm/lm-rm.enc}{/usr/local/texlive/2014/texmf-dist/fonts/enc/
dvips/lm/lm-ts1.enc}</usr/local/texlive/2014/texmf-dist/fonts/type1/public/lm/l
mbx12.pfb></usr/local/texlive/2014/texmf-dist/fonts/type1/public/lm/lmbxi10.pfb
></usr/local/texlive/2014/texmf-dist/fonts/type1/public/lm/lmcsc10.pfb></usr/lo
cal/texlive/2014/texmf-dist/fonts/type1/public/lm/lmmi12.pfb></usr/local/texliv
e/2014/texmf-dist/fonts/type1/public/lm/lmmi8.pfb></usr/local/texlive/2014/texm
f-dist/fonts/type1/public/lm/lmr12.pfb></usr/local/texlive/2014/texmf-dist/font
s/type1/public/lm/lmr6.pfb></usr/local/texlive/2014/texmf-dist/fonts/type1/publ
ic/lm/lmr8.pfb></usr/local/texlive/2014/texmf-dist/fonts/type1/public/lm/lmri12
.pfb></usr/local/texlive/2014/texmf-dist/fonts/type1/public/lm/lmro12.pfb></usr
/local/texlive/2014/texmf-dist/fonts/type1/public/lm/lmsy10.pfb></usr/local/tex
live/2014/texmf-dist/fonts/type1/public/lm/lmsy8.pfb></usr/local/texlive/2014/t
exmf-dist/fonts/type1/public/lm/lmtt12.pfb>
Output written on bthesis.pdf (34 pages, 263318 bytes).
PDF statistics:
 350 PDF objects out of 1000 (max. 8388607)
 298 compressed objects within 3 object streams
 80 named destinations out of 1000 (max. 500000)
 113 words of extra memory for PDF output out of 10000 (max. 10000000)

